<?xml version="1.0" encoding="UTF-8"?>
<!-- Generated by org.testng.reporters.JUnitReportReporter -->
<testsuite skipped="0" hostname="Rahuls-MacBook-Pro.local" name="testCases.SelectFromDropDown" tests="1" failures="0" timestamp="2020-07-05T11:30:49 IST" time="2.898" errors="0">
  <testcase name="verifyUserIsAbleToSelctRadioCheckBoxAndDropDownValue" time="2.898" classname="testCases.SelectFromDropDown"/>
  <system-out/>
</testsuite> <!-- testCases.SelectFromDropDown -->
