<?xml version="1.0" encoding="UTF-8"?>
<!-- Generated by org.testng.reporters.JUnitReportReporter -->
<testsuite hostname="DESKTOP-OCBKD1E" failures="0" tests="1" name="testCases.TestCustomizeWebPage" time="63.750" errors="0" timestamp="2020-07-18T09:58:18 IST" skipped="0">
  <testcase classname="testCases.TestCustomizeWebPage" name="verifyUserIsAbleToSearchOnAmazon" time="63.750"/>
  <system-out/>
</testsuite> <!-- testCases.TestCustomizeWebPage -->
